<?xml version="1.0" encoding="UTF-8"?>
<!-- Generated by org.testng.reporters.JUnitXMLReporter -->
<testsuite ignored="7" hostname="Estefanias-MBP" failures="0" tests="9" name="Command line test" time="21.461" errors="0" timestamp="2020-08-05T20:39:54 ART">
  <testcase classname="base.Common" name="@AfterMethod tearDown" time="1.629">
    <failure type="org.openqa.selenium.NoSuchSessionException" message="Tried to run command without establishing a connection
Build info: version: &amp;apos;3.141.59&amp;apos;, revision: &amp;apos;e82be7d358&amp;apos;, time: &amp;apos;2018-11-14T08:17:03&amp;apos;
System info: host: &amp;apos;Estefanias-MBP&amp;apos;, ip: &amp;apos;fe80:0:0:0:45d:7016:f7f8:44eb%en0&amp;apos;, os.name: &amp;apos;Mac OS X&amp;apos;, os.arch: &amp;apos;x86_64&amp;apos;, os.version: &amp;apos;10.15.5&amp;apos;, java.version: &amp;apos;14.0.1&amp;apos;
Driver info: org.openqa.selenium.firefox.FirefoxDriver
Capabilities {acceptInsecureCerts: true, browserName: firefox, browserVersion: 78.0.2, javascriptEnabled: true, moz:accessibilityChecks: false, moz:buildID: 20200708170202, moz:geckodriverVersion: 0.27.0, moz:headless: false, moz:processID: 52469, moz:profile: /var/folders/4z/c2blcw9j1mj..., moz:shutdownTimeout: 60000, moz:useNonSpecCompliantPointerOrigin: false, moz:webdriverClick: true, pageLoadStrategy: normal, platform: MAC, platformName: MAC, platformVersion: 19.5.0, rotatable: false, setWindowRect: true, strictFileInteractability: false, timeouts: {implicit: 0, pageLoad: 300000, script: 30000}, unhandledPromptBehavior: dismiss and notify}
Session ID: 2ac6d09a-d575-8d47-ac3f-3c8b9ddb883f">
      <![CDATA[org.openqa.selenium.NoSuchSessionException: Tried to run command without establishing a connection
Build info: version: '3.141.59', revision: 'e82be7d358', time: '2018-11-14T08:17:03'
System info: host: 'Estefanias-MBP', ip: 'fe80:0:0:0:45d:7016:f7f8:44eb%en0', os.name: 'Mac OS X', os.arch: 'x86_64', os.version: '10.15.5', java.version: '14.0.1'
Driver info: org.openqa.selenium.firefox.FirefoxDriver
Capabilities {acceptInsecureCerts: true, browserName: firefox, browserVersion: 78.0.2, javascriptEnabled: true, moz:accessibilityChecks: false, moz:buildID: 20200708170202, moz:geckodriverVersion: 0.27.0, moz:headless: false, moz:processID: 52469, moz:profile: /var/folders/4z/c2blcw9j1mj..., moz:shutdownTimeout: 60000, moz:useNonSpecCompliantPointerOrigin: false, moz:webdriverClick: true, pageLoadStrategy: normal, platform: MAC, platformName: MAC, platformVersion: 19.5.0, rotatable: false, setWindowRect: true, strictFileInteractability: false, timeouts: {implicit: 0, pageLoad: 300000, script: 30000}, unhandledPromptBehavior: dismiss and notify}
Session ID: 2ac6d09a-d575-8d47-ac3f-3c8b9ddb883f
at org.openqa.selenium.remote.http.W3CHttpResponseCodec.createException(W3CHttpResponseCodec.java:187)
at org.openqa.selenium.remote.http.W3CHttpResponseCodec.decode(W3CHttpResponseCodec.java:122)
at org.openqa.selenium.remote.http.W3CHttpResponseCodec.decode(W3CHttpResponseCodec.java:49)
at org.openqa.selenium.remote.HttpCommandExecutor.execute(HttpCommandExecutor.java:158)
at org.openqa.selenium.remote.service.DriverCommandExecutor.execute(DriverCommandExecutor.java:83)
at org.openqa.selenium.remote.RemoteWebDriver.execute(RemoteWebDriver.java:552)
at org.openqa.selenium.remote.RemoteWebDriver.execute(RemoteWebDriver.java:609)
at org.openqa.selenium.remote.RemoteWebDriver.quit(RemoteWebDriver.java:452)
at base.Common.tearDown(Common.java:107)
at java.base/java.util.ArrayList.forEach(ArrayList.java:1510)
... Removed 47 stack frames]]>
    </failure>
  </testcase> <!-- @AfterMethod tearDown -->
  <testcase classname="base.Common" name="@AfterClass afterAll" time="-1.596670794946E9">
    <skipped/>
  </testcase> <!-- @AfterClass afterAll -->
  <testcase classname="myTests.TestAsserts" name="isEqualChar" time="0.008"/>
  <testcase classname="myTests.TestAsserts" name="isEqualNumber" time="0.0"/>
  <testcase classname="myTests.TestAsserts" name="isFalse" time="0.0"/>
  <testcase classname="myTests.TestAsserts" name="isNotEqual" time="0.0"/>
  <testcase classname="myTests.TestAsserts" name="isNotNull" time="0.0"/>
  <testcase classname="myTests.TestAsserts" name="isNull" time="0.0"/>
  <testcase classname="myTests.TestAsserts" name="isTrue" time="0.0"/>
  <testcase classname="myTests.TestSoftAsserts" name="softAsserts" time="0.007"/>
  <testcase classname="myTests.TestSearch" name="clickOnCheckboxByText" time="8.45"/>
  <testcase classname="myTests.TestSearch" name="searchNoresults" time="0.0">
    <ignored/>
  </testcase> <!-- searchNoresults -->
  <testcase classname="myTests.TestSearch" name="clickOnCheckboxByIndex" time="0.0">
    <ignored/>
  </testcase> <!-- clickOnCheckboxByIndex -->
  <testcase classname="myTests.TestSelectOrder" name="selectByVisibleText" time="0.0">
    <ignored/>
  </testcase> <!-- selectByVisibleText -->
  <testcase classname="myTests.TestSearch" name="searchTshirts" time="0.0">
    <ignored/>
  </testcase> <!-- searchTshirts -->
  <testcase classname="myTests.TestSearch" name="searchDresses" time="0.0">
    <ignored/>
  </testcase> <!-- searchDresses -->
  <testcase classname="myTests.TestSearch" name="clickOnFirstCheckbox" time="0.0">
    <ignored/>
  </testcase> <!-- clickOnFirstCheckbox -->
  <testcase classname="myTests.TestSearch" name="clickOnAllCheckboxes" time="0.0">
    <ignored/>
  </testcase> <!-- clickOnAllCheckboxes -->
</testsuite> <!-- Command line test -->
